Copyright 1986-2022 Xilinx, Inc. All Rights Reserved.
-----------------------------------------------------------------------------------------------------------------------------------------------------------------------------------
| Tool Version : Vivado v.2022.2 (win64) Build 3671981 Fri Oct 14 05:00:03 MDT 2022
| Date         : Wed Apr 30 02:41:37 2025
| Host         : Vayun running 64-bit major release  (build 9200)
| Command      : report_methodology -file mb_usb_hdmi_top_methodology_drc_routed.rpt -pb mb_usb_hdmi_top_methodology_drc_routed.pb -rpx mb_usb_hdmi_top_methodology_drc_routed.rpx
| Design       : mb_usb_hdmi_top
| Device       : xc7s50csga324-1
| Speed File   : -1
| Design State : Fully Routed
-----------------------------------------------------------------------------------------------------------------------------------------------------------------------------------

Report Methodology

Table of Contents
-----------------
1. REPORT SUMMARY
2. REPORT DETAILS

1. REPORT SUMMARY
-----------------
            Netlist: netlist
          Floorplan: design_1
      Design limits: <entire design considered>
             Max violations: <unlimited>
             Violations found: 53
+-----------+------------------+--------------------------------------------------------+------------+
| Rule      | Severity         | Description                                            | Violations |
+-----------+------------------+--------------------------------------------------------+------------+
| TIMING-17 | Critical Warning | Non-clocked sequential cell                            | 24         |
| DPIR-1    | Warning          | Asynchronous driver check                              | 14         |
| LUTAR-1   | Warning          | LUT drives async reset alert                           | 4          |
| TIMING-9  | Warning          | Unknown CDC Logic                                      | 1          |
| TIMING-18 | Warning          | Missing input or output delay                          | 9          |
| XDCC-7    | Warning          | Scoped Clock constraint overwritten on the same source | 1          |
+-----------+------------------+--------------------------------------------------------+------------+

2. REPORT DETAILS
-----------------
TIMING-17#1 Critical Warning
Non-clocked sequential cell  
The clock pin mb_block_i/hdmi_text_controller_0/inst/mouse_instance/posX_reg[0]/C is not reached by a timing clock
Related violations: <none>

TIMING-17#2 Critical Warning
Non-clocked sequential cell  
The clock pin mb_block_i/hdmi_text_controller_0/inst/mouse_instance/posX_reg[10]/C is not reached by a timing clock
Related violations: <none>

TIMING-17#3 Critical Warning
Non-clocked sequential cell  
The clock pin mb_block_i/hdmi_text_controller_0/inst/mouse_instance/posX_reg[11]/C is not reached by a timing clock
Related violations: <none>

TIMING-17#4 Critical Warning
Non-clocked sequential cell  
The clock pin mb_block_i/hdmi_text_controller_0/inst/mouse_instance/posX_reg[1]/C is not reached by a timing clock
Related violations: <none>

TIMING-17#5 Critical Warning
Non-clocked sequential cell  
The clock pin mb_block_i/hdmi_text_controller_0/inst/mouse_instance/posX_reg[2]/C is not reached by a timing clock
Related violations: <none>

TIMING-17#6 Critical Warning
Non-clocked sequential cell  
The clock pin mb_block_i/hdmi_text_controller_0/inst/mouse_instance/posX_reg[3]/C is not reached by a timing clock
Related violations: <none>

TIMING-17#7 Critical Warning
Non-clocked sequential cell  
The clock pin mb_block_i/hdmi_text_controller_0/inst/mouse_instance/posX_reg[4]/C is not reached by a timing clock
Related violations: <none>

TIMING-17#8 Critical Warning
Non-clocked sequential cell  
The clock pin mb_block_i/hdmi_text_controller_0/inst/mouse_instance/posX_reg[5]/C is not reached by a timing clock
Related violations: <none>

TIMING-17#9 Critical Warning
Non-clocked sequential cell  
The clock pin mb_block_i/hdmi_text_controller_0/inst/mouse_instance/posX_reg[6]/C is not reached by a timing clock
Related violations: <none>

TIMING-17#10 Critical Warning
Non-clocked sequential cell  
The clock pin mb_block_i/hdmi_text_controller_0/inst/mouse_instance/posX_reg[7]/C is not reached by a timing clock
Related violations: <none>

TIMING-17#11 Critical Warning
Non-clocked sequential cell  
The clock pin mb_block_i/hdmi_text_controller_0/inst/mouse_instance/posX_reg[8]/C is not reached by a timing clock
Related violations: <none>

TIMING-17#12 Critical Warning
Non-clocked sequential cell  
The clock pin mb_block_i/hdmi_text_controller_0/inst/mouse_instance/posX_reg[9]/C is not reached by a timing clock
Related violations: <none>

TIMING-17#13 Critical Warning
Non-clocked sequential cell  
The clock pin mb_block_i/hdmi_text_controller_0/inst/mouse_instance/posY_reg[0]/C is not reached by a timing clock
Related violations: <none>

TIMING-17#14 Critical Warning
Non-clocked sequential cell  
The clock pin mb_block_i/hdmi_text_controller_0/inst/mouse_instance/posY_reg[10]/C is not reached by a timing clock
Related violations: <none>

TIMING-17#15 Critical Warning
Non-clocked sequential cell  
The clock pin mb_block_i/hdmi_text_controller_0/inst/mouse_instance/posY_reg[11]/C is not reached by a timing clock
Related violations: <none>

TIMING-17#16 Critical Warning
Non-clocked sequential cell  
The clock pin mb_block_i/hdmi_text_controller_0/inst/mouse_instance/posY_reg[1]/C is not reached by a timing clock
Related violations: <none>

TIMING-17#17 Critical Warning
Non-clocked sequential cell  
The clock pin mb_block_i/hdmi_text_controller_0/inst/mouse_instance/posY_reg[2]/C is not reached by a timing clock
Related violations: <none>

TIMING-17#18 Critical Warning
Non-clocked sequential cell  
The clock pin mb_block_i/hdmi_text_controller_0/inst/mouse_instance/posY_reg[3]/C is not reached by a timing clock
Related violations: <none>

TIMING-17#19 Critical Warning
Non-clocked sequential cell  
The clock pin mb_block_i/hdmi_text_controller_0/inst/mouse_instance/posY_reg[4]/C is not reached by a timing clock
Related violations: <none>

TIMING-17#20 Critical Warning
Non-clocked sequential cell  
The clock pin mb_block_i/hdmi_text_controller_0/inst/mouse_instance/posY_reg[5]/C is not reached by a timing clock
Related violations: <none>

TIMING-17#21 Critical Warning
Non-clocked sequential cell  
The clock pin mb_block_i/hdmi_text_controller_0/inst/mouse_instance/posY_reg[6]/C is not reached by a timing clock
Related violations: <none>

TIMING-17#22 Critical Warning
Non-clocked sequential cell  
The clock pin mb_block_i/hdmi_text_controller_0/inst/mouse_instance/posY_reg[7]/C is not reached by a timing clock
Related violations: <none>

TIMING-17#23 Critical Warning
Non-clocked sequential cell  
The clock pin mb_block_i/hdmi_text_controller_0/inst/mouse_instance/posY_reg[8]/C is not reached by a timing clock
Related violations: <none>

TIMING-17#24 Critical Warning
Non-clocked sequential cell  
The clock pin mb_block_i/hdmi_text_controller_0/inst/mouse_instance/posY_reg[9]/C is not reached by a timing clock
Related violations: <none>

DPIR-1#1 Warning
Asynchronous driver check  
DSP mb_block_i/hdmi_text_controller_0/inst/chessboard_example/rom_address0 input pin mb_block_i/hdmi_text_controller_0/inst/chessboard_example/rom_address0/A[0] is connected to registers with an asynchronous reset. This is preventing the possibility of merging these registers in to the DSP Block since the DSP block registers only possess synchronous reset capability.  It is suggested to recode or change these registers to remove the reset or use a synchronous reset to get the best optimization for performance, power and area.
Related violations: <none>

DPIR-1#2 Warning
Asynchronous driver check  
DSP mb_block_i/hdmi_text_controller_0/inst/chessboard_example/rom_address0 input pin mb_block_i/hdmi_text_controller_0/inst/chessboard_example/rom_address0/A[1] is connected to registers with an asynchronous reset. This is preventing the possibility of merging these registers in to the DSP Block since the DSP block registers only possess synchronous reset capability.  It is suggested to recode or change these registers to remove the reset or use a synchronous reset to get the best optimization for performance, power and area.
Related violations: <none>

DPIR-1#3 Warning
Asynchronous driver check  
DSP mb_block_i/hdmi_text_controller_0/inst/chessboard_example/rom_address0 input pin mb_block_i/hdmi_text_controller_0/inst/chessboard_example/rom_address0/A[2] is connected to registers with an asynchronous reset. This is preventing the possibility of merging these registers in to the DSP Block since the DSP block registers only possess synchronous reset capability.  It is suggested to recode or change these registers to remove the reset or use a synchronous reset to get the best optimization for performance, power and area.
Related violations: <none>

DPIR-1#4 Warning
Asynchronous driver check  
DSP mb_block_i/hdmi_text_controller_0/inst/chessboard_example/rom_address0 input pin mb_block_i/hdmi_text_controller_0/inst/chessboard_example/rom_address0/A[3] is connected to registers with an asynchronous reset. This is preventing the possibility of merging these registers in to the DSP Block since the DSP block registers only possess synchronous reset capability.  It is suggested to recode or change these registers to remove the reset or use a synchronous reset to get the best optimization for performance, power and area.
Related violations: <none>

DPIR-1#5 Warning
Asynchronous driver check  
DSP mb_block_i/hdmi_text_controller_0/inst/chessboard_example/rom_address0 input pin mb_block_i/hdmi_text_controller_0/inst/chessboard_example/rom_address0/A[4] is connected to registers with an asynchronous reset. This is preventing the possibility of merging these registers in to the DSP Block since the DSP block registers only possess synchronous reset capability.  It is suggested to recode or change these registers to remove the reset or use a synchronous reset to get the best optimization for performance, power and area.
Related violations: <none>

DPIR-1#6 Warning
Asynchronous driver check  
DSP mb_block_i/hdmi_text_controller_0/inst/chessboard_example/rom_address0 input pin mb_block_i/hdmi_text_controller_0/inst/chessboard_example/rom_address0/A[5] is connected to registers with an asynchronous reset. This is preventing the possibility of merging these registers in to the DSP Block since the DSP block registers only possess synchronous reset capability.  It is suggested to recode or change these registers to remove the reset or use a synchronous reset to get the best optimization for performance, power and area.
Related violations: <none>

DPIR-1#7 Warning
Asynchronous driver check  
DSP mb_block_i/hdmi_text_controller_0/inst/chessboard_example/rom_address0 input pin mb_block_i/hdmi_text_controller_0/inst/chessboard_example/rom_address0/A[6] is connected to registers with an asynchronous reset. This is preventing the possibility of merging these registers in to the DSP Block since the DSP block registers only possess synchronous reset capability.  It is suggested to recode or change these registers to remove the reset or use a synchronous reset to get the best optimization for performance, power and area.
Related violations: <none>

DPIR-1#8 Warning
Asynchronous driver check  
DSP mb_block_i/hdmi_text_controller_0/inst/chessboard_example/rom_address0 input pin mb_block_i/hdmi_text_controller_0/inst/chessboard_example/rom_address0/A[7] is connected to registers with an asynchronous reset. This is preventing the possibility of merging these registers in to the DSP Block since the DSP block registers only possess synchronous reset capability.  It is suggested to recode or change these registers to remove the reset or use a synchronous reset to get the best optimization for performance, power and area.
Related violations: <none>

DPIR-1#9 Warning
Asynchronous driver check  
DSP mb_block_i/hdmi_text_controller_0/inst/chessboard_example/rom_address0 input pin mb_block_i/hdmi_text_controller_0/inst/chessboard_example/rom_address0/A[8] is connected to registers with an asynchronous reset. This is preventing the possibility of merging these registers in to the DSP Block since the DSP block registers only possess synchronous reset capability.  It is suggested to recode or change these registers to remove the reset or use a synchronous reset to get the best optimization for performance, power and area.
Related violations: <none>

DPIR-1#10 Warning
Asynchronous driver check  
DSP mb_block_i/hdmi_text_controller_0/inst/chessboard_example/rom_address0 input pin mb_block_i/hdmi_text_controller_0/inst/chessboard_example/rom_address0/A[9] is connected to registers with an asynchronous reset. This is preventing the possibility of merging these registers in to the DSP Block since the DSP block registers only possess synchronous reset capability.  It is suggested to recode or change these registers to remove the reset or use a synchronous reset to get the best optimization for performance, power and area.
Related violations: <none>

DPIR-1#11 Warning
Asynchronous driver check  
DSP mb_block_i/hdmi_text_controller_0/inst/chessboard_example/rom_address0 input pin mb_block_i/hdmi_text_controller_0/inst/chessboard_example/rom_address0/C[0] is connected to registers with an asynchronous reset. This is preventing the possibility of merging these registers in to the DSP Block since the DSP block registers only possess synchronous reset capability.  It is suggested to recode or change these registers to remove the reset or use a synchronous reset to get the best optimization for performance, power and area.
Related violations: <none>

DPIR-1#12 Warning
Asynchronous driver check  
DSP mb_block_i/hdmi_text_controller_0/inst/chessboard_example/rom_address0 input pin mb_block_i/hdmi_text_controller_0/inst/chessboard_example/rom_address0/C[1] is connected to registers with an asynchronous reset. This is preventing the possibility of merging these registers in to the DSP Block since the DSP block registers only possess synchronous reset capability.  It is suggested to recode or change these registers to remove the reset or use a synchronous reset to get the best optimization for performance, power and area.
Related violations: <none>

DPIR-1#13 Warning
Asynchronous driver check  
DSP mb_block_i/hdmi_text_controller_0/inst/chessboard_example/rom_address0 input pin mb_block_i/hdmi_text_controller_0/inst/chessboard_example/rom_address0/C[2] is connected to registers with an asynchronous reset. This is preventing the possibility of merging these registers in to the DSP Block since the DSP block registers only possess synchronous reset capability.  It is suggested to recode or change these registers to remove the reset or use a synchronous reset to get the best optimization for performance, power and area.
Related violations: <none>

DPIR-1#14 Warning
Asynchronous driver check  
DSP mb_block_i/hdmi_text_controller_0/inst/chessboard_example/rom_address0 input pin mb_block_i/hdmi_text_controller_0/inst/chessboard_example/rom_address0/C[3] is connected to registers with an asynchronous reset. This is preventing the possibility of merging these registers in to the DSP Block since the DSP block registers only possess synchronous reset capability.  It is suggested to recode or change these registers to remove the reset or use a synchronous reset to get the best optimization for performance, power and area.
Related violations: <none>

LUTAR-1#1 Warning
LUT drives async reset alert  
LUT cell mb_block_i/hdmi_text_controller_0/inst/vga_to_hdmi/inst/encr/oserdes_m_i_1, with 2 or more inputs, drives asynchronous preset/clear pin(s) mb_block_i/hdmi_text_controller_0/inst/vga_to_hdmi/inst/encg/dout_reg[9]/CLR,
mb_block_i/hdmi_text_controller_0/inst/vga_to_hdmi/inst/encr/cnt_reg[1]/CLR,
mb_block_i/hdmi_text_controller_0/inst/vga_to_hdmi/inst/encr/cnt_reg[2]/CLR,
mb_block_i/hdmi_text_controller_0/inst/vga_to_hdmi/inst/encr/cnt_reg[3]/CLR,
mb_block_i/hdmi_text_controller_0/inst/vga_to_hdmi/inst/encr/cnt_reg[4]/CLR,
mb_block_i/hdmi_text_controller_0/inst/vga_to_hdmi/inst/encr/dout_reg[0]/CLR,
mb_block_i/hdmi_text_controller_0/inst/vga_to_hdmi/inst/encr/dout_reg[1]/CLR,
mb_block_i/hdmi_text_controller_0/inst/vga_to_hdmi/inst/encr/dout_reg[2]/CLR,
mb_block_i/hdmi_text_controller_0/inst/vga_to_hdmi/inst/encr/dout_reg[3]/CLR,
mb_block_i/hdmi_text_controller_0/inst/vga_to_hdmi/inst/encr/dout_reg[4]/CLR,
mb_block_i/hdmi_text_controller_0/inst/vga_to_hdmi/inst/encr/dout_reg[5]/CLR,
mb_block_i/hdmi_text_controller_0/inst/vga_to_hdmi/inst/encr/dout_reg[6]/CLR,
mb_block_i/hdmi_text_controller_0/inst/vga_to_hdmi/inst/encr/dout_reg[7]/CLR,
mb_block_i/hdmi_text_controller_0/inst/vga_to_hdmi/inst/encr/dout_reg[8]/CLR,
mb_block_i/hdmi_text_controller_0/inst/vga_to_hdmi/inst/encr/dout_reg[9]/CLR
 (the first 15 of 42 listed). The LUT may glitch and trigger an unexpected reset, even if it is a properly timed path.
Related violations: <none>

LUTAR-1#2 Warning
LUT drives async reset alert  
LUT cell mb_block_i/mdm_1/U0/MDM_Core_I1/JTAG_CONTROL_I/sel_n_i_2, with 2 or more inputs, drives asynchronous preset/clear pin(s) mb_block_i/mdm_1/U0/MDM_Core_I1/JTAG_CONTROL_I/sel_n_reg/PRE. The LUT may glitch and trigger an unexpected reset, even if it is a properly timed path.
Related violations: <none>

LUTAR-1#3 Warning
LUT drives async reset alert  
LUT cell mb_block_i/microblaze_0/U0/MicroBlaze_Core_I/Area.Core/Implement_Debug_Logic.Master_Core.Debug_Area/Serial_Dbg_Intf.force_stop_cmd_rst_i_i_1, with 2 or more inputs, drives asynchronous preset/clear pin(s) mb_block_i/microblaze_0/U0/MicroBlaze_Core_I/Area.Core/Implement_Debug_Logic.Master_Core.Debug_Area/Serial_Dbg_Intf.force_stop_TClk_reg/CLR. The LUT may glitch and trigger an unexpected reset, even if it is a properly timed path.
Related violations: <none>

LUTAR-1#4 Warning
LUT drives async reset alert  
LUT cell mb_block_i/microblaze_0/U0/MicroBlaze_Core_I/Area.Core/Implement_Debug_Logic.Master_Core.Debug_Area/Serial_Dbg_Intf.normal_stop_cmd_rst_i_i_1, with 2 or more inputs, drives asynchronous preset/clear pin(s) mb_block_i/microblaze_0/U0/MicroBlaze_Core_I/Area.Core/Implement_Debug_Logic.Master_Core.Debug_Area/Serial_Dbg_Intf.normal_stop_TClk_reg/CLR. The LUT may glitch and trigger an unexpected reset, even if it is a properly timed path.
Related violations: <none>

TIMING-9#1 Warning
Unknown CDC Logic  
One or more asynchronous Clock Domain Crossing has been detected between 2 clock domains through a set_false_path or a set_clock_groups or set_max_delay -datapath_only constraint but no double-registers logic synchronizer has been found on the side of the capture clock. It is recommended to run report_cdc for a complete and detailed CDC coverage. Please consider using XPM_CDC to avoid Critical severities
Related violations: <none>

TIMING-18#1 Warning
Missing input or output delay  
An input delay is missing on gpio_usb_int_tri_i[0] relative to clock(s) clk_100
Related violations: <none>

TIMING-18#2 Warning
Missing input or output delay  
An input delay is missing on reset_rtl_0 relative to clock(s) clk_100
Related violations: <none>

TIMING-18#3 Warning
Missing input or output delay  
An input delay is missing on uart_rtl_0_rxd relative to clock(s) clk_100
Related violations: <none>

TIMING-18#4 Warning
Missing input or output delay  
An input delay is missing on usb_spi_miso relative to clock(s) clk_100
Related violations: <none>

TIMING-18#5 Warning
Missing input or output delay  
An output delay is missing on gpio_usb_rst_tri_o relative to clock(s) clk_100
Related violations: <none>

TIMING-18#6 Warning
Missing input or output delay  
An output delay is missing on uart_rtl_0_txd relative to clock(s) clk_100
Related violations: <none>

TIMING-18#7 Warning
Missing input or output delay  
An output delay is missing on usb_spi_mosi relative to clock(s) clk_100
Related violations: <none>

TIMING-18#8 Warning
Missing input or output delay  
An output delay is missing on usb_spi_sclk relative to clock(s) clk_100
Related violations: <none>

TIMING-18#9 Warning
Missing input or output delay  
An output delay is missing on usb_spi_ss relative to clock(s) clk_100
Related violations: <none>

XDCC-7#1 Warning
Scoped Clock constraint overwritten on the same source  
A new clock constraint create_clock overrides a previous scoped clock constraint defined on the same source. It is not recommended to override a scoped (typically an IP) clock constraint and could result in unexpected behaviors.
New: create_clock -period 10.000 -name clk_100 -waveform {0.000 5.000} [get_ports Clk] (Source: C:/Users/versa/Downloads/lab7_1_provided_fa24/mb_usb_hdmi_top.xdc (Line: 1))
Previous: create_clock -period 10.000 [get_ports Clk] (Source: c:/Users/versa/ECE385/FinalProject/lab7_1_new.gen/sources_1/bd/mb_usb/ip/mb_usb_clk_wiz_1_0/mb_usb_clk_wiz_1_0.xdc (Line: 56))
Related violations: <none>


